[0.020s] Invoking command in '/home/rgabbai/projects/Android/ROS_2_ANDROID/build/cpp_pubsub': CMAKE_PREFIX_PATH=/opt/ros/foxy /usr/local/bin/cmake /home/rgabbai/projects/Android/ROS_2_ANDROID -DCMAKE_INSTALL_PREFIX=/home/rgabbai/projects/Android/ROS_2_ANDROID/install/cpp_pubsub
[0.399s] -- The C compiler identification is GNU 9.4.0
[0.618s] -- The CXX compiler identification is GNU 9.4.0
[0.653s] -- Detecting C compiler ABI info
[0.746s] -- Detecting C compiler ABI info - done
[0.762s] -- Check for working C compiler: /usr/bin/cc - skipped
[0.763s] -- Detecting C compile features
[0.764s] -- Detecting C compile features - done
[0.779s] -- Detecting CXX compiler ABI info
[0.868s] -- Detecting CXX compiler ABI info - done
[0.886s] -- Check for working CXX compiler: /usr/bin/c++ - skipped
[0.886s] -- Detecting CXX compile features
[0.887s] -- Detecting CXX compile features - done
[0.901s] -- Found ament_cmake: 0.9.12 (/opt/ros/foxy/share/ament_cmake/cmake)
[0.908s] [33mCMake Warning (dev) at /opt/ros/foxy/share/ament_cmake_core/cmake/core/python.cmake:22 (find_package):
[0.908s]   Policy CMP0148 is not set: The FindPythonInterp and FindPythonLibs modules
[0.908s]   are removed.  Run "cmake --help-policy CMP0148" for policy details.  Use
[0.908s]   the cmake_policy command to set the policy and suppress this warning.
[0.908s] 
[0.908s] Call Stack (most recent call first):
[0.908s]   /opt/ros/foxy/share/ament_cmake_core/cmake/core/all.cmake:53 (include)
[0.908s]   /opt/ros/foxy/share/ament_cmake_core/cmake/ament_cmake_core-extras.cmake:17 (include)
[0.909s]   /opt/ros/foxy/share/ament_cmake_core/cmake/ament_cmake_coreConfig.cmake:41 (include)
[0.909s]   /opt/ros/foxy/share/ament_cmake/cmake/ament_cmake_export_dependencies-extras.cmake:15 (find_package)
[0.909s]   /opt/ros/foxy/share/ament_cmake/cmake/ament_cmakeConfig.cmake:41 (include)
[0.909s]   CMakeLists.txt:13 (find_package)
[0.909s] This warning is for project developers.  Use -Wno-dev to suppress it.
[0.909s] [0m
[0.933s] -- Found PythonInterp: /usr/bin/python3 (found suitable version "3.8.10", minimum required is "3") 
[0.933s] -- Using PYTHON_EXECUTABLE: /usr/bin/python3
[1.208s] -- Found rclcpp: 2.4.3 (/opt/ros/foxy/share/rclcpp/cmake)
[1.305s] -- Using all available rosidl_typesupport_c: rosidl_typesupport_fastrtps_c;rosidl_typesupport_introspection_c
[1.319s] -- Found rosidl_adapter: 1.3.1 (/opt/ros/foxy/share/rosidl_adapter/cmake)
[1.466s] -- Found OpenSSL: /usr/lib/x86_64-linux-gnu/libcrypto.so (found version "1.1.1f")  
[1.504s] -- Found FastRTPS: /opt/ros/foxy/include  
[1.648s] -- Using all available rosidl_typesupport_cpp: rosidl_typesupport_fastrtps_cpp;rosidl_typesupport_introspection_cpp
[1.763s] -- Found rmw_implementation_cmake: 1.0.4 (/opt/ros/foxy/share/rmw_implementation_cmake/cmake)
[1.767s] -- Using RMW implementation 'rmw_fastrtps_cpp' as default
[1.770s] -- Performing Test CMAKE_HAVE_LIBC_PTHREAD
[1.856s] -- Performing Test CMAKE_HAVE_LIBC_PTHREAD - Failed
[1.857s] -- Looking for pthread_create in pthreads
[1.917s] -- Looking for pthread_create in pthreads - not found
[1.917s] -- Looking for pthread_create in pthread
[1.988s] -- Looking for pthread_create in pthread - found
[1.990s] -- Found Threads: TRUE  
[2.251s] -- Configuring done (2.1s)
[2.265s] -- Generating done (0.0s)
[2.267s] -- Build files have been written to: /home/rgabbai/projects/Android/ROS_2_ANDROID/build/cpp_pubsub
[2.281s] Invoked command in '/home/rgabbai/projects/Android/ROS_2_ANDROID/build/cpp_pubsub' returned '0': CMAKE_PREFIX_PATH=/opt/ros/foxy /usr/local/bin/cmake /home/rgabbai/projects/Android/ROS_2_ANDROID -DCMAKE_INSTALL_PREFIX=/home/rgabbai/projects/Android/ROS_2_ANDROID/install/cpp_pubsub
[2.284s] Invoking command in '/home/rgabbai/projects/Android/ROS_2_ANDROID/build/cpp_pubsub': CMAKE_PREFIX_PATH=/opt/ros/foxy /usr/local/bin/cmake --build /home/rgabbai/projects/Android/ROS_2_ANDROID/build/cpp_pubsub -- -j4 -l4
[2.336s] [ 50%] [32mBuilding CXX object CMakeFiles/talker.dir/src/publisher_member_function.cpp.o[0m
[2.337s] [ 50%] [32mBuilding CXX object CMakeFiles/listener.dir/src/subscriber_member_function.cpp.o[0m
[5.754s] [ 75%] [32m[1mLinking CXX executable talker[0m
[5.953s] [ 75%] Built target talker
[7.824s] [100%] [32m[1mLinking CXX executable listener[0m
[8.084s] [100%] Built target listener
[8.093s] Invoked command in '/home/rgabbai/projects/Android/ROS_2_ANDROID/build/cpp_pubsub' returned '0': CMAKE_PREFIX_PATH=/opt/ros/foxy /usr/local/bin/cmake --build /home/rgabbai/projects/Android/ROS_2_ANDROID/build/cpp_pubsub -- -j4 -l4
[8.189s] Invoking command in '/home/rgabbai/projects/Android/ROS_2_ANDROID/build/cpp_pubsub': CMAKE_PREFIX_PATH=/opt/ros/foxy /usr/local/bin/cmake --install /home/rgabbai/projects/Android/ROS_2_ANDROID/build/cpp_pubsub
[8.220s] -- Install configuration: ""
[8.220s] -- Installing: /home/rgabbai/projects/Android/ROS_2_ANDROID/install/cpp_pubsub/lib/cpp_pubsub/talker
[8.221s] -- Set runtime path of "/home/rgabbai/projects/Android/ROS_2_ANDROID/install/cpp_pubsub/lib/cpp_pubsub/talker" to ""
[8.221s] -- Installing: /home/rgabbai/projects/Android/ROS_2_ANDROID/install/cpp_pubsub/lib/cpp_pubsub/listener
[8.223s] -- Set runtime path of "/home/rgabbai/projects/Android/ROS_2_ANDROID/install/cpp_pubsub/lib/cpp_pubsub/listener" to ""
[8.224s] -- Installing: /home/rgabbai/projects/Android/ROS_2_ANDROID/install/cpp_pubsub/share/ament_index/resource_index/package_run_dependencies/cpp_pubsub
[8.224s] -- Installing: /home/rgabbai/projects/Android/ROS_2_ANDROID/install/cpp_pubsub/share/ament_index/resource_index/parent_prefix_path/cpp_pubsub
[8.224s] -- Installing: /home/rgabbai/projects/Android/ROS_2_ANDROID/install/cpp_pubsub/share/cpp_pubsub/environment/ament_prefix_path.sh
[8.224s] -- Installing: /home/rgabbai/projects/Android/ROS_2_ANDROID/install/cpp_pubsub/share/cpp_pubsub/environment/ament_prefix_path.dsv
[8.224s] -- Installing: /home/rgabbai/projects/Android/ROS_2_ANDROID/install/cpp_pubsub/share/cpp_pubsub/environment/path.sh
[8.224s] -- Installing: /home/rgabbai/projects/Android/ROS_2_ANDROID/install/cpp_pubsub/share/cpp_pubsub/environment/path.dsv
[8.224s] -- Installing: /home/rgabbai/projects/Android/ROS_2_ANDROID/install/cpp_pubsub/share/cpp_pubsub/local_setup.bash
[8.224s] -- Installing: /home/rgabbai/projects/Android/ROS_2_ANDROID/install/cpp_pubsub/share/cpp_pubsub/local_setup.sh
[8.225s] -- Installing: /home/rgabbai/projects/Android/ROS_2_ANDROID/install/cpp_pubsub/share/cpp_pubsub/local_setup.zsh
[8.225s] -- Installing: /home/rgabbai/projects/Android/ROS_2_ANDROID/install/cpp_pubsub/share/cpp_pubsub/local_setup.dsv
[8.225s] -- Installing: /home/rgabbai/projects/Android/ROS_2_ANDROID/install/cpp_pubsub/share/cpp_pubsub/package.dsv
[8.225s] -- Installing: /home/rgabbai/projects/Android/ROS_2_ANDROID/install/cpp_pubsub/share/ament_index/resource_index/packages/cpp_pubsub
[8.225s] -- Installing: /home/rgabbai/projects/Android/ROS_2_ANDROID/install/cpp_pubsub/share/cpp_pubsub/cmake/cpp_pubsubConfig.cmake
[8.225s] -- Installing: /home/rgabbai/projects/Android/ROS_2_ANDROID/install/cpp_pubsub/share/cpp_pubsub/cmake/cpp_pubsubConfig-version.cmake
[8.225s] -- Installing: /home/rgabbai/projects/Android/ROS_2_ANDROID/install/cpp_pubsub/share/cpp_pubsub/package.xml
[8.231s] Invoked command in '/home/rgabbai/projects/Android/ROS_2_ANDROID/build/cpp_pubsub' returned '0': CMAKE_PREFIX_PATH=/opt/ros/foxy /usr/local/bin/cmake --install /home/rgabbai/projects/Android/ROS_2_ANDROID/build/cpp_pubsub
