[0.693s] DEBUG:colcon:Command line arguments: ['/usr/bin/colcon', 'build']
[0.693s] DEBUG:colcon:Parsed command line arguments: Namespace(allow_overriding=[], ament_cmake_args=None, base_paths=['.'], build_base='build', catkin_cmake_args=None, catkin_skip_building_tests=False, cmake_args=None, cmake_clean_cache=False, cmake_clean_first=False, cmake_force_configure=False, cmake_target=None, cmake_target_skip_unavailable=False, continue_on_error=False, event_handlers=None, executor='parallel', ignore_user_meta=False, install_base='install', log_base=None, log_level=None, main=<bound method BuildVerb.main of <colcon_core.verb.build.BuildVerb object at 0x7fdb51b44c10>>, merge_install=False, metas=['./colcon.meta'], packages_above=None, packages_above_and_dependencies=None, packages_above_depth=None, packages_end=None, packages_ignore=None, packages_ignore_regex=None, packages_select=None, packages_select_build_failed=False, packages_select_by_dep=None, packages_select_regex=None, packages_select_test_failures=False, packages_skip=None, packages_skip_build_finished=False, packages_skip_by_dep=None, packages_skip_regex=None, packages_skip_test_passed=False, packages_skip_up_to=None, packages_start=None, packages_up_to=None, packages_up_to_regex=None, parallel_workers=4, paths=None, symlink_install=False, test_result_base=None, verb_extension=<colcon_core.verb.build.BuildVerb object at 0x7fdb51b44c10>, verb_name='build', verb_parser=<colcon_defaults.argument_parser.defaults.DefaultArgumentsDecorator object at 0x7fdb51b4c1c0>)
[0.748s] Level 1:colcon.colcon_core.package_discovery:discover_packages(colcon_meta) check parameters
[0.749s] Level 1:colcon.colcon_core.package_discovery:discover_packages(recursive) check parameters
[0.749s] Level 1:colcon.colcon_core.package_discovery:discover_packages(ignore) check parameters
[0.749s] Level 1:colcon.colcon_core.package_discovery:discover_packages(path) check parameters
[0.749s] Level 1:colcon.colcon_core.package_discovery:discover_packages(colcon_meta) discover
[0.749s] Level 1:colcon.colcon_core.package_discovery:discover_packages(recursive) discover
[0.749s] INFO:colcon.colcon_core.package_discovery:Crawling recursively for packages in '/home/rgabbai/projects/Android/ROS_2_ANDROID'
[0.749s] Level 1:colcon.colcon_core.package_identification:_identify(.) by extensions ['ignore', 'ignore_ament_install']
[0.749s] Level 1:colcon.colcon_core.package_identification:_identify(.) by extension 'ignore'
[0.749s] Level 1:colcon.colcon_core.package_identification:_identify(.) by extension 'ignore_ament_install'
[0.749s] Level 1:colcon.colcon_core.package_identification:_identify(.) by extensions ['colcon_pkg']
[0.749s] Level 1:colcon.colcon_core.package_identification:_identify(.) by extension 'colcon_pkg'
[0.749s] Level 1:colcon.colcon_core.package_identification:_identify(.) by extensions ['colcon_meta']
[0.749s] Level 1:colcon.colcon_core.package_identification:_identify(.) by extension 'colcon_meta'
[0.749s] Level 1:colcon.colcon_core.package_identification:_identify(.) by extensions ['ros']
[0.749s] Level 1:colcon.colcon_core.package_identification:_identify(.) by extension 'ros'
[0.780s] DEBUG:colcon.colcon_core.package_identification:Package '.' with type 'ros.ament_cmake' and name 'cpp_pubsub'
[0.780s] Level 1:colcon.colcon_core.package_discovery:discover_packages(recursive) using defaults
[0.780s] Level 1:colcon.colcon_core.package_discovery:discover_packages(ignore) discover
[0.780s] Level 1:colcon.colcon_core.package_discovery:discover_packages(ignore) using defaults
[0.780s] Level 1:colcon.colcon_core.package_discovery:discover_packages(path) discover
[0.780s] Level 1:colcon.colcon_core.package_discovery:discover_packages(path) using defaults
[0.816s] Level 1:colcon.colcon_core.package_discovery:discover_packages(prefix_path) check parameters
[0.816s] Level 1:colcon.colcon_core.package_discovery:discover_packages(prefix_path) discover
[0.824s] DEBUG:colcon.colcon_installed_package_information.package_discovery:Found 304 installed packages in /opt/ros/foxy
[0.825s] Level 1:colcon.colcon_core.package_discovery:discover_packages(prefix_path) using defaults
[0.982s] Level 5:colcon.colcon_core.verb:set package 'cpp_pubsub' build argument 'cmake_args' from command line to 'None'
[0.982s] Level 5:colcon.colcon_core.verb:set package 'cpp_pubsub' build argument 'cmake_target' from command line to 'None'
[0.982s] Level 5:colcon.colcon_core.verb:set package 'cpp_pubsub' build argument 'cmake_target_skip_unavailable' from command line to 'False'
[0.982s] Level 5:colcon.colcon_core.verb:set package 'cpp_pubsub' build argument 'cmake_clean_cache' from command line to 'False'
[0.982s] Level 5:colcon.colcon_core.verb:set package 'cpp_pubsub' build argument 'cmake_clean_first' from command line to 'False'
[0.982s] Level 5:colcon.colcon_core.verb:set package 'cpp_pubsub' build argument 'cmake_force_configure' from command line to 'False'
[0.982s] Level 5:colcon.colcon_core.verb:set package 'cpp_pubsub' build argument 'ament_cmake_args' from command line to 'None'
[0.982s] Level 5:colcon.colcon_core.verb:set package 'cpp_pubsub' build argument 'catkin_cmake_args' from command line to 'None'
[0.982s] Level 5:colcon.colcon_core.verb:set package 'cpp_pubsub' build argument 'catkin_skip_building_tests' from command line to 'False'
[0.982s] DEBUG:colcon.colcon_core.verb:Building package 'cpp_pubsub' with the following arguments: {'ament_cmake_args': None, 'build_base': '/home/rgabbai/projects/Android/ROS_2_ANDROID/build/cpp_pubsub', 'catkin_cmake_args': None, 'catkin_skip_building_tests': False, 'cmake_args': None, 'cmake_clean_cache': False, 'cmake_clean_first': False, 'cmake_force_configure': False, 'cmake_target': None, 'cmake_target_skip_unavailable': False, 'install_base': '/home/rgabbai/projects/Android/ROS_2_ANDROID/install/cpp_pubsub', 'merge_install': False, 'path': '/home/rgabbai/projects/Android/ROS_2_ANDROID', 'symlink_install': False, 'test_result_base': None}
[0.983s] INFO:colcon.colcon_core.executor:Executing jobs using 'parallel' executor
[0.987s] DEBUG:colcon.colcon_parallel_executor.executor.parallel:run_until_complete
[0.987s] INFO:colcon.colcon_ros.task.ament_cmake.build:Building ROS package in '/home/rgabbai/projects/Android/ROS_2_ANDROID' with build type 'ament_cmake'
[0.987s] INFO:colcon.colcon_cmake.task.cmake.build:Building CMake package in '/home/rgabbai/projects/Android/ROS_2_ANDROID'
[0.996s] INFO:colcon.colcon_core.plugin_system:Skipping extension 'colcon_core.shell.bat': Not used on non-Windows systems
[0.996s] INFO:colcon.colcon_core.shell:Skip shell extension 'powershell' for command environment: Not usable outside of PowerShell
[0.996s] DEBUG:colcon.colcon_core.shell:Skip shell extension 'dsv' for command environment
[1.008s] DEBUG:colcon.colcon_core.event_handler.log_command:Invoking command in '/home/rgabbai/projects/Android/ROS_2_ANDROID/build/cpp_pubsub': CMAKE_PREFIX_PATH=/opt/ros/foxy /usr/local/bin/cmake /home/rgabbai/projects/Android/ROS_2_ANDROID -DCMAKE_INSTALL_PREFIX=/home/rgabbai/projects/Android/ROS_2_ANDROID/install/cpp_pubsub
[3.269s] DEBUG:colcon.colcon_core.event_handler.log_command:Invoked command in '/home/rgabbai/projects/Android/ROS_2_ANDROID/build/cpp_pubsub' returned '0': CMAKE_PREFIX_PATH=/opt/ros/foxy /usr/local/bin/cmake /home/rgabbai/projects/Android/ROS_2_ANDROID -DCMAKE_INSTALL_PREFIX=/home/rgabbai/projects/Android/ROS_2_ANDROID/install/cpp_pubsub
[3.272s] DEBUG:colcon.colcon_core.event_handler.log_command:Invoking command in '/home/rgabbai/projects/Android/ROS_2_ANDROID/build/cpp_pubsub': CMAKE_PREFIX_PATH=/opt/ros/foxy /usr/local/bin/cmake --build /home/rgabbai/projects/Android/ROS_2_ANDROID/build/cpp_pubsub -- -j4 -l4
[9.081s] DEBUG:colcon.colcon_core.event_handler.log_command:Invoked command in '/home/rgabbai/projects/Android/ROS_2_ANDROID/build/cpp_pubsub' returned '0': CMAKE_PREFIX_PATH=/opt/ros/foxy /usr/local/bin/cmake --build /home/rgabbai/projects/Android/ROS_2_ANDROID/build/cpp_pubsub -- -j4 -l4
[9.177s] DEBUG:colcon.colcon_core.event_handler.log_command:Invoking command in '/home/rgabbai/projects/Android/ROS_2_ANDROID/build/cpp_pubsub': CMAKE_PREFIX_PATH=/opt/ros/foxy /usr/local/bin/cmake --install /home/rgabbai/projects/Android/ROS_2_ANDROID/build/cpp_pubsub
[9.218s] Level 1:colcon.colcon_core.environment:create_environment_scripts_only(cpp_pubsub)
[9.219s] DEBUG:colcon.colcon_core.event_handler.log_command:Invoked command in '/home/rgabbai/projects/Android/ROS_2_ANDROID/build/cpp_pubsub' returned '0': CMAKE_PREFIX_PATH=/opt/ros/foxy /usr/local/bin/cmake --install /home/rgabbai/projects/Android/ROS_2_ANDROID/build/cpp_pubsub
[9.231s] Level 1:colcon.colcon_core.environment:checking '/home/rgabbai/projects/Android/ROS_2_ANDROID/install/cpp_pubsub' for CMake module files
[9.232s] Level 1:colcon.colcon_core.environment:checking '/home/rgabbai/projects/Android/ROS_2_ANDROID/install/cpp_pubsub' for CMake config files
[9.232s] Level 1:colcon.colcon_core.shell:create_environment_hook('cpp_pubsub', 'cmake_prefix_path')
[9.234s] INFO:colcon.colcon_core.shell:Creating environment hook '/home/rgabbai/projects/Android/ROS_2_ANDROID/install/cpp_pubsub/share/cpp_pubsub/hook/cmake_prefix_path.ps1'
[9.235s] INFO:colcon.colcon_core.shell:Creating environment descriptor '/home/rgabbai/projects/Android/ROS_2_ANDROID/install/cpp_pubsub/share/cpp_pubsub/hook/cmake_prefix_path.dsv'
[9.236s] INFO:colcon.colcon_core.shell:Creating environment hook '/home/rgabbai/projects/Android/ROS_2_ANDROID/install/cpp_pubsub/share/cpp_pubsub/hook/cmake_prefix_path.sh'
[9.237s] Level 1:colcon.colcon_core.environment:checking '/home/rgabbai/projects/Android/ROS_2_ANDROID/install/cpp_pubsub/lib'
[9.237s] Level 1:colcon.colcon_core.environment:checking '/home/rgabbai/projects/Android/ROS_2_ANDROID/install/cpp_pubsub/bin'
[9.238s] Level 1:colcon.colcon_core.environment:checking '/home/rgabbai/projects/Android/ROS_2_ANDROID/install/cpp_pubsub/lib/pkgconfig/cpp_pubsub.pc'
[9.238s] Level 1:colcon.colcon_core.environment:checking '/home/rgabbai/projects/Android/ROS_2_ANDROID/install/cpp_pubsub/lib/python3.8/site-packages'
[9.238s] Level 1:colcon.colcon_core.environment:checking '/home/rgabbai/projects/Android/ROS_2_ANDROID/install/cpp_pubsub/bin'
[9.240s] INFO:colcon.colcon_core.shell:Creating package script '/home/rgabbai/projects/Android/ROS_2_ANDROID/install/cpp_pubsub/share/cpp_pubsub/package.ps1'
[9.241s] INFO:colcon.colcon_core.shell:Creating package descriptor '/home/rgabbai/projects/Android/ROS_2_ANDROID/install/cpp_pubsub/share/cpp_pubsub/package.dsv'
[9.241s] INFO:colcon.colcon_core.shell:Creating package script '/home/rgabbai/projects/Android/ROS_2_ANDROID/install/cpp_pubsub/share/cpp_pubsub/package.sh'
[9.242s] INFO:colcon.colcon_core.shell:Creating package script '/home/rgabbai/projects/Android/ROS_2_ANDROID/install/cpp_pubsub/share/cpp_pubsub/package.bash'
[9.243s] INFO:colcon.colcon_core.shell:Creating package script '/home/rgabbai/projects/Android/ROS_2_ANDROID/install/cpp_pubsub/share/cpp_pubsub/package.zsh'
[9.244s] Level 1:colcon.colcon_core.environment:create_file_with_runtime_dependencies(/home/rgabbai/projects/Android/ROS_2_ANDROID/install/cpp_pubsub/share/colcon-core/packages/cpp_pubsub)
[9.301s] Level 1:colcon.colcon_core.environment:create_environment_scripts_only(cpp_pubsub)
[9.304s] Level 1:colcon.colcon_core.environment:checking '/home/rgabbai/projects/Android/ROS_2_ANDROID/install/cpp_pubsub' for CMake module files
[9.304s] Level 1:colcon.colcon_core.environment:checking '/home/rgabbai/projects/Android/ROS_2_ANDROID/install/cpp_pubsub' for CMake config files
[9.305s] Level 1:colcon.colcon_core.shell:create_environment_hook('cpp_pubsub', 'cmake_prefix_path')
[9.307s] INFO:colcon.colcon_core.shell:Creating environment hook '/home/rgabbai/projects/Android/ROS_2_ANDROID/install/cpp_pubsub/share/cpp_pubsub/hook/cmake_prefix_path.ps1'
[9.308s] INFO:colcon.colcon_core.shell:Creating environment descriptor '/home/rgabbai/projects/Android/ROS_2_ANDROID/install/cpp_pubsub/share/cpp_pubsub/hook/cmake_prefix_path.dsv'
[9.308s] INFO:colcon.colcon_core.shell:Creating environment hook '/home/rgabbai/projects/Android/ROS_2_ANDROID/install/cpp_pubsub/share/cpp_pubsub/hook/cmake_prefix_path.sh'
[9.309s] Level 1:colcon.colcon_core.environment:checking '/home/rgabbai/projects/Android/ROS_2_ANDROID/install/cpp_pubsub/lib'
[9.310s] Level 1:colcon.colcon_core.environment:checking '/home/rgabbai/projects/Android/ROS_2_ANDROID/install/cpp_pubsub/bin'
[9.310s] Level 1:colcon.colcon_core.environment:checking '/home/rgabbai/projects/Android/ROS_2_ANDROID/install/cpp_pubsub/lib/pkgconfig/cpp_pubsub.pc'
[9.310s] Level 1:colcon.colcon_core.environment:checking '/home/rgabbai/projects/Android/ROS_2_ANDROID/install/cpp_pubsub/lib/python3.8/site-packages'
[9.310s] Level 1:colcon.colcon_core.environment:checking '/home/rgabbai/projects/Android/ROS_2_ANDROID/install/cpp_pubsub/bin'
[9.312s] INFO:colcon.colcon_core.shell:Creating package script '/home/rgabbai/projects/Android/ROS_2_ANDROID/install/cpp_pubsub/share/cpp_pubsub/package.ps1'
[9.312s] INFO:colcon.colcon_core.shell:Creating package descriptor '/home/rgabbai/projects/Android/ROS_2_ANDROID/install/cpp_pubsub/share/cpp_pubsub/package.dsv'
[9.313s] INFO:colcon.colcon_core.shell:Creating package script '/home/rgabbai/projects/Android/ROS_2_ANDROID/install/cpp_pubsub/share/cpp_pubsub/package.sh'
[9.313s] INFO:colcon.colcon_core.shell:Creating package script '/home/rgabbai/projects/Android/ROS_2_ANDROID/install/cpp_pubsub/share/cpp_pubsub/package.bash'
[9.314s] INFO:colcon.colcon_core.shell:Creating package script '/home/rgabbai/projects/Android/ROS_2_ANDROID/install/cpp_pubsub/share/cpp_pubsub/package.zsh'
[9.314s] Level 1:colcon.colcon_core.environment:create_file_with_runtime_dependencies(/home/rgabbai/projects/Android/ROS_2_ANDROID/install/cpp_pubsub/share/colcon-core/packages/cpp_pubsub)
[9.314s] DEBUG:colcon.colcon_parallel_executor.executor.parallel:closing loop
[9.315s] DEBUG:colcon.colcon_parallel_executor.executor.parallel:loop closed
[9.315s] DEBUG:colcon.colcon_parallel_executor.executor.parallel:run_until_complete finished with '0'
[9.315s] DEBUG:colcon.colcon_core.event_reactor:joining thread
[9.328s] INFO:colcon.colcon_core.plugin_system:Skipping extension 'colcon_notification.desktop_notification.terminal_notifier': Not used on non-Darwin systems
[9.328s] INFO:colcon.colcon_core.plugin_system:Skipping extension 'colcon_notification.desktop_notification.win32': Not used on non-Windows systems
[9.328s] INFO:colcon.colcon_notification.desktop_notification:Sending desktop notification using 'notify2'
[9.413s] DEBUG:colcon.colcon_core.event_reactor:joined thread
[9.415s] INFO:colcon.colcon_core.shell:Creating prefix script '/home/rgabbai/projects/Android/ROS_2_ANDROID/install/local_setup.ps1'
[9.416s] INFO:colcon.colcon_core.shell:Creating prefix util module '/home/rgabbai/projects/Android/ROS_2_ANDROID/install/_local_setup_util_ps1.py'
[9.418s] INFO:colcon.colcon_core.shell:Creating prefix chain script '/home/rgabbai/projects/Android/ROS_2_ANDROID/install/setup.ps1'
[9.420s] INFO:colcon.colcon_core.shell:Creating prefix script '/home/rgabbai/projects/Android/ROS_2_ANDROID/install/local_setup.sh'
[9.420s] INFO:colcon.colcon_core.shell:Creating prefix util module '/home/rgabbai/projects/Android/ROS_2_ANDROID/install/_local_setup_util_sh.py'
[9.421s] INFO:colcon.colcon_core.shell:Creating prefix chain script '/home/rgabbai/projects/Android/ROS_2_ANDROID/install/setup.sh'
[9.422s] INFO:colcon.colcon_core.shell:Creating prefix script '/home/rgabbai/projects/Android/ROS_2_ANDROID/install/local_setup.bash'
[9.423s] INFO:colcon.colcon_core.shell:Creating prefix chain script '/home/rgabbai/projects/Android/ROS_2_ANDROID/install/setup.bash'
[9.425s] INFO:colcon.colcon_core.shell:Creating prefix script '/home/rgabbai/projects/Android/ROS_2_ANDROID/install/local_setup.zsh'
[9.426s] INFO:colcon.colcon_core.shell:Creating prefix chain script '/home/rgabbai/projects/Android/ROS_2_ANDROID/install/setup.zsh'
